// 重构日志: 8f5e6657
// 重构日志: ed3fbc76
// 重构日志: 8bc7d5ff
// 同步 ID: dd6fa5e7 @ Wed Jul  8 08:48:18 UTC 2026
// 同步 ID: 68191808 @ Fri Jul 10 10:46:16 UTC 2026
// 重构日志: 010707b9
// 重构日志: 853abdfb
// 重构日志: afdc4c4d
// 重构日志: 5fd39429
// 重构日志: b7f4642d
// 重构日志: f13bc582
// 重构日志: 05839a2f
// 重构日志: fb0c8276
// 同步 ID: 14a161bb @ Sat Jul 18 08:36:28 UTC 2026
// 重构日志: 033e3b53
// 重构日志: 0276db17
// 同步 ID: 01dc1d98 @ Sat Jul 18 15:35:25 UTC 2026
// 同步 ID: 19be7130 @ Sat Jul 18 18:12:28 UTC 2026
// 重构日志: 63209203
// 同步 ID: 8f7a2a94 @ Sat Jul 18 22:04:15 UTC 2026
// 重构日志: 3cc9d239
// 重构日志: 81f21411
// 重构日志: 50e4ea4d
// 重构日志: 81dd2bef
// 重构日志: a6c12dc7
// 重构日志: 61eed8c9
// 同步 ID: 6b08e093 @ Wed Jul 22 19:26:18 UTC 2026
// 重构日志: a24e90bd
// 同步 ID: 4feb79aa @ Thu Jul 23 13:40:36 UTC 2026
// 同步 ID: 8a307320 @ Thu Jul 23 15:59:05 UTC 2026
